<?xml version="1.0" encoding="UTF-8"?>
<testng-results ignored="0" total="1" passed="1" failed="0" skipped="0">
  <reporter-output>
  </reporter-output>
  <suite started-at="2024-11-16T18:00:11 IST" name="Default suite" finished-at="2024-11-16T18:00:18 IST" duration-ms="6766">
    <groups>
    </groups>
    <test started-at="2024-11-16T18:00:11 IST" name="Default test" finished-at="2024-11-16T18:00:18 IST" duration-ms="6766">
      <class name="ZPractice1.SiblingFrame">
        <test-method signature="handlingFrame()[pri:0, instance:ZPractice1.SiblingFrame@2892d68]" started-at="2024-11-16T18:00:11 IST" name="handlingFrame" finished-at="2024-11-16T18:00:18 IST" duration-ms="6716" status="PASS">
          <reporter-output>
          </reporter-output>
        </test-method> <!-- handlingFrame -->
      </class> <!-- ZPractice1.SiblingFrame -->
    </test> <!-- Default test -->
  </suite> <!-- Default suite -->
</testng-results>
